<?xml version="1.0" encoding="UTF-8"?>
<!-- Generated by org.testng.reporters.JUnitXMLReporter -->
<testsuite ignored="0" hostname="DESKTOP-EUMGPVE" failures="2" tests="2" name="Test(failed)(failed)" time="56.561" errors="0" timestamp="2023-06-02T21:43:02 IST">
  <testcase classname="testCases.TC_002_LoginTest" name="login_test" time="13.497">
    <failure type="java.lang.AssertionError" message="Menu My Account not found">
      <![CDATA[java.lang.AssertionError: Menu My Account not found
at testCases.TC_002_LoginTest.login_test(TC_002_LoginTest.java:43)
at java.base/java.util.ArrayList.forEach(ArrayList.java:1511)
... Removed 28 stack frames]]>
    </failure>
  </testcase> <!-- login_test -->
  <testcase classname="testCases.TC_001_AcctRegistration" name="test_account_registration" time="4.216">
    <failure type="java.lang.AssertionError" message="confirmation message differs expected [Your account has been created!] but found [Register Account]">
      <![CDATA[java.lang.AssertionError: confirmation message differs expected [Your account has been created!] but found [Register Account]
at testCases.TC_001_AcctRegistration.test_account_registration(TC_001_AcctRegistration.java:33)
at java.base/java.util.ArrayList.forEach(ArrayList.java:1511)
... Removed 32 stack frames]]>
    </failure>
  </testcase> <!-- test_account_registration -->
</testsuite> <!-- Test(failed)(failed) -->
