<?xml version="1.0" encoding="UTF-8"?>
<!-- Generated by org.testng.reporters.JUnitXMLReporter -->
<testsuite ignored="0" hostname="DESKTOP-EUMGPVE" failures="1" tests="1" name="Test" time="31.929" errors="0" timestamp="2023-06-03T08:15:26 IST">
  <testcase classname="testCases.TC_001_AcctRegistration" name="test_account_registration" time="5.66">
    <failure type="java.lang.AssertionError" message="confirmation message differs expected [Your account has been created!] but found [Register Account]">
      <![CDATA[java.lang.AssertionError: confirmation message differs expected [Your account has been created!] but found [Register Account]
at testCases.TC_001_AcctRegistration.test_account_registration(TC_001_AcctRegistration.java:33)
at java.base/java.util.ArrayList.forEach(ArrayList.java:1510)
... Removed 36 stack frames]]>
    </failure>
  </testcase> <!-- test_account_registration -->
</testsuite> <!-- Test -->
