<?xml version="1.0" encoding="UTF-8"?>
<!-- Generated by org.testng.reporters.JUnitXMLReporter -->
<testsuite ignored="0" hostname="DESKTOP-EUMGPVE" failures="2" tests="2" name="Test(failed)" time="51.753" errors="0" timestamp="2023-06-02T21:41:10 IST">
  <testcase classname="testCases.TC_002_LoginTest" name="login_test" time="12.869">
    <failure type="java.lang.AssertionError" message="Menu My Account not found">
      <![CDATA[java.lang.AssertionError: Menu My Account not found
at testCases.TC_002_LoginTest.login_test(TC_002_LoginTest.java:43)
at java.base/java.util.ArrayList.forEach(ArrayList.java:1511)
... Removed 28 stack frames]]>
    </failure>
  </testcase> <!-- login_test -->
  <testcase classname="testCases.TC_001_AcctRegistration" name="test_account_registration" time="6.815">
    <failure type="java.lang.AssertionError" message="Test failed">
      <![CDATA[java.lang.AssertionError: Test failed
at testCases.TC_001_AcctRegistration.test_account_registration(TC_001_AcctRegistration.java:37)
at java.base/java.util.ArrayList.forEach(ArrayList.java:1511)
... Removed 28 stack frames]]>
    </failure>
  </testcase> <!-- test_account_registration -->
</testsuite> <!-- Test(failed) -->
